Cron job started at 2025-06-10 14:03:01
Found 12 tasks and 3 subscribers
Found 4 pending tasks
Sending reminder to: void76523@gmail.com
Email send result for void76523@gmail.com: Success
Sending reminder to: su28kk@gmail.com
Email send result for su28kk@gmail.com: Success
Sending reminder to: sudhanshu2226csit1@kiet.edu
Email send result for sudhanshu2226csit1@kiet.edu: Success
Cron job completed at 2025-06-10 14:03:21
Cron job started at 2025-06-10 14:04:01
Found 12 tasks and 3 subscribers
Found 4 pending tasks
Sending reminder to: void76523@gmail.com
Email send result for void76523@gmail.com: Success
Sending reminder to: su28kk@gmail.com
Email send result for su28kk@gmail.com: Success
Sending reminder to: sudhanshu2226csit1@kiet.edu
Email send result for sudhanshu2226csit1@kiet.edu: Success
Cron job completed at 2025-06-10 14:04:12
Cron job started at 2025-06-10 14:05:01
Found 12 tasks and 3 subscribers
Found 4 pending tasks
Sending reminder to: void76523@gmail.com
Email send result for void76523@gmail.com: Success
Sending reminder to: su28kk@gmail.com
Email send result for su28kk@gmail.com: Success
Sending reminder to: sudhanshu2226csit1@kiet.edu
Email send result for sudhanshu2226csit1@kiet.edu: Success
Cron job completed at 2025-06-10 14:05:11
Cron job started at 2025-06-10 14:06:01
Found 12 tasks and 3 subscribers
Found 4 pending tasks
Sending reminder to: void76523@gmail.com
Email send result for void76523@gmail.com: Success
Sending reminder to: su28kk@gmail.com
Email send result for su28kk@gmail.com: Success
Sending reminder to: sudhanshu2226csit1@kiet.edu
Email send result for sudhanshu2226csit1@kiet.edu: Success
Cron job completed at 2025-06-10 14:06:12
Cron job started at 2025-06-10 14:07:01
Found 12 tasks and 3 subscribers
Found 4 pending tasks
Sending reminder to: void76523@gmail.com
Email send result for void76523@gmail.com: Success
Sending reminder to: su28kk@gmail.com
Email send result for su28kk@gmail.com: Success
Sending reminder to: sudhanshu2226csit1@kiet.edu
Email send result for sudhanshu2226csit1@kiet.edu: Success
Cron job completed at 2025-06-10 14:07:11
Cron job started at 2025-06-10 14:08:01
Found 12 tasks and 3 subscribers
Found 4 pending tasks
Sending reminder to: void76523@gmail.com
Email send result for void76523@gmail.com: Success
Sending reminder to: su28kk@gmail.com
Email send result for su28kk@gmail.com: Success
Sending reminder to: sudhanshu2226csit1@kiet.edu
Email send result for sudhanshu2226csit1@kiet.edu: Success
Cron job completed at 2025-06-10 14:08:12
Cron job started at 2025-06-10 14:09:01
Found 12 tasks and 3 subscribers
Found 4 pending tasks
Sending reminder to: void76523@gmail.com
Email send result for void76523@gmail.com: Success
Sending reminder to: su28kk@gmail.com
Email send result for su28kk@gmail.com: Success
Sending reminder to: sudhanshu2226csit1@kiet.edu
Email send result for sudhanshu2226csit1@kiet.edu: Success
Cron job completed at 2025-06-10 14:09:11
Cron job started at 2025-06-10 14:10:01
Found 12 tasks and 3 subscribers
Found 4 pending tasks
Sending reminder to: void76523@gmail.com
Email send result for void76523@gmail.com: Success
Sending reminder to: su28kk@gmail.com
Email send result for su28kk@gmail.com: Success
Sending reminder to: sudhanshu2226csit1@kiet.edu
Email send result for sudhanshu2226csit1@kiet.edu: Success
Cron job completed at 2025-06-10 14:10:12
Cron job started at 2025-06-10 14:11:01
Found 12 tasks and 3 subscribers
Found 4 pending tasks
Sending reminder to: void76523@gmail.com
Email send result for void76523@gmail.com: Success
Sending reminder to: su28kk@gmail.com
Email send result for su28kk@gmail.com: Success
Sending reminder to: sudhanshu2226csit1@kiet.edu
Email send result for sudhanshu2226csit1@kiet.edu: Success
Cron job completed at 2025-06-10 14:11:11
Cron job started at 2025-06-10 14:12:01
Found 12 tasks and 3 subscribers
Found 4 pending tasks
Sending reminder to: void76523@gmail.com
Email send result for void76523@gmail.com: Success
Sending reminder to: su28kk@gmail.com
Email send result for su28kk@gmail.com: Success
Sending reminder to: sudhanshu2226csit1@kiet.edu
Email send result for sudhanshu2226csit1@kiet.edu: Success
Cron job completed at 2025-06-10 14:12:12
Cron job started at 2025-06-10 14:13:01
Found 12 tasks and 3 subscribers
Found 4 pending tasks
Sending reminder to: void76523@gmail.com
Email send result for void76523@gmail.com: Success
Sending reminder to: su28kk@gmail.com
Email send result for su28kk@gmail.com: Success
Sending reminder to: sudhanshu2226csit1@kiet.edu
Email send result for sudhanshu2226csit1@kiet.edu: Success
Cron job completed at 2025-06-10 14:13:21
Cron job started at 2025-06-10 14:14:01
Found 12 tasks and 3 subscribers
Found 4 pending tasks
Sending reminder to: void76523@gmail.com
Email send result for void76523@gmail.com: Success
Sending reminder to: su28kk@gmail.com
Email send result for su28kk@gmail.com: Success
Sending reminder to: sudhanshu2226csit1@kiet.edu
Email send result for sudhanshu2226csit1@kiet.edu: Success
Cron job completed at 2025-06-10 14:14:12
Cron job started at 2025-06-10 14:15:01
Found 12 tasks and 3 subscribers
Cron job completed at 2025-06-10 14:15:21
Cron job started at 2025-06-10 14:16:01
Found 12 tasks and 3 subscribers
Cron job completed at 2025-06-10 14:16:12
Cron job started at 2025-06-10 14:30:01
Found 12 tasks and 3 subscribers
Attempting to send email to: void76523@gmail.com
Sending email to: void76523@gmail.com
Subject: Task Planner - Pending Tasks Reminder
Headers: From: Task Planner <noreply@localhost>
Reply-To: noreply@localhost
MIME-Version: 1.0
Content-Type: text/html; charset=UTF-8

Mail result: Success
Email send result for void76523@gmail.com: Success
Attempting to send email to: su28kk@gmail.com
Sending email to: su28kk@gmail.com
Subject: Task Planner - Pending Tasks Reminder
Headers: From: Task Planner <noreply@localhost>
Reply-To: noreply@localhost
MIME-Version: 1.0
Content-Type: text/html; charset=UTF-8

Mail result: Success
Email send result for su28kk@gmail.com: Success
Attempting to send email to: sudhanshu2226csit1@kiet.edu
Sending email to: sudhanshu2226csit1@kiet.edu
Subject: Task Planner - Pending Tasks Reminder
Headers: From: Task Planner <noreply@localhost>
Reply-To: noreply@localhost
MIME-Version: 1.0
Content-Type: text/html; charset=UTF-8

Mail result: Success
Email send result for sudhanshu2226csit1@kiet.edu: Success
Cron job completed at 2025-06-10 14:30:21
